player/build/intermediates/manifest_merge_blame_file/release/manifest-merger-blame-release-report.txt
1<?xml version="1.0" encoding="utf-8"?>
2<manifest xmlns:android="http://schemas.android.com/apk/res/android"
3    package="chat.rocket.android.player"
4    android:versionCode="1"
5    android:versionName="1.0.0" >
6
7    <uses-sdk
8        android:minSdkVersion="21"
8-->src/main/AndroidManifest.xml
9        android:targetSdkVersion="29" />
9-->src/main/AndroidManifest.xml
10
11    <application>
11-->src/main/AndroidManifest.xml:5:5-10:19
12        <activity
12-->src/main/AndroidManifest.xml:6:9-9:50
13            android:name="chat.rocket.android.player.PlayerActivity"
13-->src/main/AndroidManifest.xml:7:13-43
14            android:configChanges="keyboard|keyboardHidden|orientation|screenSize|screenLayout|smallestScreenSize|uiMode"
14-->src/main/AndroidManifest.xml:8:13-122
15            android:theme="@style/PlayerTheme" />
15-->src/main/AndroidManifest.xml:9:13-47
16    </application>
17
18</manifest>